[00:54:50] [Server thread/INFO]: An1m4tr1xd has made the advancement [Fishy Business]
[01:02:52] [Server thread/INFO]: Yagasaki lost connection: Disconnected
[01:02:52] [Server thread/INFO]: Yagasaki left the game
[01:03:10] [User Authenticator #3/INFO]: UUID of player Yagasaki is 2a199b26-c21d-4896-b876-206154de36e9
[01:03:10] [Server thread/INFO]: Yagasaki[/189.61.200.42:61907] logged in with entity id 46298 at (-113.11792025685953, 68.0, 111.80067644618372)
[01:03:10] [Server thread/INFO]: Yagasaki joined the game
[01:14:38] [Server thread/INFO]: Yagasaki has made the advancement [Hot Stuff]
[01:29:08] [Server thread/INFO]: An1m4tr1xd has made the advancement [Acquire Hardware]
[01:48:03] [Server thread/INFO]: Yagasaki lost connection: Disconnected
[01:48:03] [Server thread/INFO]: Yagasaki left the game
[01:56:18] [User Authenticator #4/INFO]: UUID of player Yagasaki is 2a199b26-c21d-4896-b876-206154de36e9
[01:56:19] [Server thread/INFO]: Yagasaki[/189.61.200.42:4678] logged in with entity id 57886 at (-106.26384630603474, 68.0, 110.96506510340967)
[01:56:19] [Server thread/INFO]: Yagasaki joined the game
[01:56:24] [Server thread/WARN]: Can't keep up! Is the server overloaded? Running 2243ms or 44 ticks behind
[02:04:26] [Server thread/INFO]: An1m4tr1xd tried to swim in lava to escape Zombie
[02:20:40] [Server thread/INFO]: Yagasaki has made the advancement [What a Deal!]
[02:23:48] [Server thread/INFO]: An1m4tr1xd lost connection: Disconnected
[02:23:48] [Server thread/INFO]: An1m4tr1xd left the game
[02:29:41] [Server thread/INFO]: Yagasaki lost connection: Disconnected
[02:29:41] [Server thread/INFO]: Yagasaki left the game
